Loading feature data...
  Feature columns: 328
  Train: 1,342,793 | Val: 43,023 | Test: 376,558

Model parameters: 369,769
Training on: cuda:1 (NVIDIA GeForce RTX 3060)
Epochs: 100 | Batch size: 4096 | LR: 0.0003

  Epoch   1/100  loss=3302366.521418  val_score=0.0000  best=0.0000@ep1  lr=0.000300
  Epoch   5/100  loss=38.131427  val_score=0.0476  best=0.0476@ep5  lr=0.000300
  Epoch  10/100  loss=36.625037  val_score=0.0757  best=0.0757@ep10  lr=0.000300
  Epoch  15/100  loss=36.510058  val_score=0.0000  best=0.0853@ep12  lr=0.000300
  Epoch  20/100  loss=36.279867  val_score=0.0775  best=0.0853@ep12  lr=0.000150
  Epoch  25/100  loss=36.250724  val_score=0.0929  best=0.0978@ep22  lr=0.000150
  Epoch  30/100  loss=36.096058  val_score=0.0727  best=0.1081@ep28  lr=0.000150
  Epoch  35/100  loss=36.020151  val_score=0.1118  best=0.1118@ep35  lr=0.000075
  Epoch  40/100  loss=35.961859  val_score=0.0925  best=0.1118@ep35  lr=0.000075
  Epoch  45/100  loss=35.658694  val_score=0.0000  best=0.1118@ep35  lr=0.000037
  Epoch  50/100  loss=35.562952  val_score=0.0000  best=0.1118@ep35  lr=0.000019
  Early stopping at epoch 50 (no improvement for 15 epochs)

Best val score: 0.1118 at epoch 35
Baseline LightGBM h=3: 0.1103
Delta: +0.0015

Results saved to: G:\Umi\Python Projects\TS Forecast\autoencoder_results
Runtime: 31.9 min
